ERROR - 2025-01-21 07:53:52 --> Error connecting to the database: Resource temporarily unavailable
CRITICAL - 2025-01-21 07:53:52 --> Unable to connect to the database.
Main connection [MySQLi]: Resource temporarily unavailable
#0 /home/u722665195/domains/digitalnashik.in/public_html/system/Session/Handlers/DatabaseHandler.php(94): CodeIgniter\Database\BaseConnection->initialize()
#1 [internal function]: CodeIgniter\Session\Handlers\DatabaseHandler->open()
#2 /home/u722665195/domains/digitalnashik.in/public_html/system/Session/Session.php(894): session_start()
#3 /home/u722665195/domains/digitalnashik.in/public_html/system/Session/Session.php(238): CodeIgniter\Session\Session->startSession()
#4 /home/u722665195/domains/digitalnashik.in/public_html/system/Config/Services.php(577): CodeIgniter\Session\Session->start()
#5 /home/u722665195/domains/digitalnashik.in/public_html/system/Config/BaseService.php(248): CodeIgniter\Config\Services::session()
#6 /home/u722665195/domains/digitalnashik.in/public_html/system/Config/BaseService.php(189): CodeIgniter\Config\BaseService::__callStatic()
#7 /home/u722665195/domains/digitalnashik.in/public_html/system/Config/Services.php(563): CodeIgniter\Config\BaseService::getSharedInstance()
#8 /home/u722665195/domains/digitalnashik.in/public_html/system/Config/BaseService.php(248): CodeIgniter\Config\Services::session()
#9 /home/u722665195/domains/digitalnashik.in/public_html/app/Config/Globals.php(27): CodeIgniter\Config\BaseService::__callStatic()
#10 /home/u722665195/domains/digitalnashik.in/public_html/app/Config/Globals.php(108): Config\Globals::setGlobals()
#11 /home/u722665195/domains/digitalnashik.in/public_html/system/Autoloader/Autoloader.php(264): include_once('/home/u72266519...')
#12 /home/u722665195/domains/digitalnashik.in/public_html/system/Autoloader/Autoloader.php(241): CodeIgniter\Autoloader\Autoloader->includeFile()
#13 /home/u722665195/domains/digitalnashik.in/public_html/system/Autoloader/Autoloader.php(219): CodeIgniter\Autoloader\Autoloader->loadInNamespace()
#14 /home/u722665195/domains/digitalnashik.in/public_html/app/Config/Routes.php(7): CodeIgniter\Autoloader\Autoloader->loadClass()
#15 /home/u722665195/domains/digitalnashik.in/public_html/system/CodeIgniter.php(712): require('/home/u72266519...')
#16 /home/u722665195/domains/digitalnashik.in/public_html/system/CodeIgniter.php(367): CodeIgniter\CodeIgniter->tryToRouteIt()
#17 /home/u722665195/domains/digitalnashik.in/public_html/system/CodeIgniter.php(325): CodeIgniter\CodeIgniter->handleRequest()
#18 /home/u722665195/domains/digitalnashik.in/public_html/index.php(47): CodeIgniter\CodeIgniter->run()
#19 {main}
ERROR - 2025-01-21 09:29:44 --> Error connecting to the database: Resource temporarily unavailable
CRITICAL - 2025-01-21 09:29:44 --> Unable to connect to the database.
Main connection [MySQLi]: Resource temporarily unavailable
#0 /home/u722665195/domains/digitalnashik.in/public_html/system/Session/Handlers/DatabaseHandler.php(94): CodeIgniter\Database\BaseConnection->initialize()
#1 [internal function]: CodeIgniter\Session\Handlers\DatabaseHandler->open()
#2 /home/u722665195/domains/digitalnashik.in/public_html/system/Session/Session.php(894): session_start()
#3 /home/u722665195/domains/digitalnashik.in/public_html/system/Session/Session.php(238): CodeIgniter\Session\Session->startSession()
#4 /home/u722665195/domains/digitalnashik.in/public_html/system/Config/Services.php(577): CodeIgniter\Session\Session->start()
#5 /home/u722665195/domains/digitalnashik.in/public_html/system/Config/BaseService.php(248): CodeIgniter\Config\Services::session()
#6 /home/u722665195/domains/digitalnashik.in/public_html/system/Config/BaseService.php(189): CodeIgniter\Config\BaseService::__callStatic()
#7 /home/u722665195/domains/digitalnashik.in/public_html/system/Config/Services.php(563): CodeIgniter\Config\BaseService::getSharedInstance()
#8 /home/u722665195/domains/digitalnashik.in/public_html/system/Config/BaseService.php(248): CodeIgniter\Config\Services::session()
#9 /home/u722665195/domains/digitalnashik.in/public_html/app/Config/Globals.php(27): CodeIgniter\Config\BaseService::__callStatic()
#10 /home/u722665195/domains/digitalnashik.in/public_html/app/Config/Globals.php(108): Config\Globals::setGlobals()
#11 /home/u722665195/domains/digitalnashik.in/public_html/system/Autoloader/Autoloader.php(264): include_once('/home/u72266519...')
#12 /home/u722665195/domains/digitalnashik.in/public_html/system/Autoloader/Autoloader.php(241): CodeIgniter\Autoloader\Autoloader->includeFile()
#13 /home/u722665195/domains/digitalnashik.in/public_html/system/Autoloader/Autoloader.php(219): CodeIgniter\Autoloader\Autoloader->loadInNamespace()
#14 /home/u722665195/domains/digitalnashik.in/public_html/app/Config/Routes.php(7): CodeIgniter\Autoloader\Autoloader->loadClass()
#15 /home/u722665195/domains/digitalnashik.in/public_html/system/CodeIgniter.php(712): require('/home/u72266519...')
#16 /home/u722665195/domains/digitalnashik.in/public_html/system/CodeIgniter.php(367): CodeIgniter\CodeIgniter->tryToRouteIt()
#17 /home/u722665195/domains/digitalnashik.in/public_html/system/CodeIgniter.php(325): CodeIgniter\CodeIgniter->handleRequest()
#18 /home/u722665195/domains/digitalnashik.in/public_html/index.php(47): CodeIgniter\CodeIgniter->run()
#19 {main}
CRITICAL - 2025-01-21 19:54:19 --> Undefined array key "HTTP_USER_AGENT"
#0 /home/u722665195/domains/digitalnashik.in/public_html/app/Common.php(1953): CodeIgniter\Debug\Exceptions->errorHandler()
#1 /home/u722665195/domains/digitalnashik.in/public_html/app/Models/PostModel.php(322): isBot()
#2 /home/u722665195/domains/digitalnashik.in/public_html/app/Controllers/HomeController.php(176): App\Models\PostModel->increasePostPageviews()
#3 /home/u722665195/domains/digitalnashik.in/public_html/app/Controllers/HomeController.php(104): App\Controllers\HomeController->post()
#4 /home/u722665195/domains/digitalnashik.in/public_html/system/CodeIgniter.php(831): App\Controllers\HomeController->any()
#5 /home/u722665195/domains/digitalnashik.in/public_html/system/CodeIgniter.php(418): CodeIgniter\CodeIgniter->runController()
#6 /home/u722665195/domains/digitalnashik.in/public_html/system/CodeIgniter.php(325): CodeIgniter\CodeIgniter->handleRequest()
#7 /home/u722665195/domains/digitalnashik.in/public_html/index.php(47): CodeIgniter\CodeIgniter->run()
#8 {main}
