ERROR - 2025-04-11 00:35:30 --> Error connecting to the database: Too many connections
CRITICAL - 2025-04-11 00:35:30 --> Unable to connect to the database.
Main connection [MySQLi]: Too many connections
#0 /home/u201569000/domains/digitalnashik.in/public_html/system/Session/Handlers/DatabaseHandler.php(94): CodeIgniter\Database\BaseConnection->initialize()
#1 [internal function]: CodeIgniter\Session\Handlers\DatabaseHandler->open()
#2 /home/u201569000/domains/digitalnashik.in/public_html/system/Session/Session.php(894): session_start()
#3 /home/u201569000/domains/digitalnashik.in/public_html/system/Session/Session.php(238): CodeIgniter\Session\Session->startSession()
#4 /home/u201569000/domains/digitalnashik.in/public_html/system/Config/Services.php(577): CodeIgniter\Session\Session->start()
#5 /home/u201569000/domains/digitalnashik.in/public_html/system/Config/BaseService.php(248): CodeIgniter\Config\Services::session()
#6 /home/u201569000/domains/digitalnashik.in/public_html/system/Config/BaseService.php(189): CodeIgniter\Config\BaseService::__callStatic()
#7 /home/u201569000/domains/digitalnashik.in/public_html/system/Config/Services.php(563): CodeIgniter\Config\BaseService::getSharedInstance()
#8 /home/u201569000/domains/digitalnashik.in/public_html/system/Config/BaseService.php(248): CodeIgniter\Config\Services::session()
#9 /home/u201569000/domains/digitalnashik.in/public_html/app/Config/Globals.php(27): CodeIgniter\Config\BaseService::__callStatic()
#10 /home/u201569000/domains/digitalnashik.in/public_html/app/Config/Globals.php(108): Config\Globals::setGlobals()
#11 /home/u201569000/domains/digitalnashik.in/public_html/system/Autoloader/Autoloader.php(264): include_once('/home/u20156900...')
#12 /home/u201569000/domains/digitalnashik.in/public_html/system/Autoloader/Autoloader.php(241): CodeIgniter\Autoloader\Autoloader->includeFile()
#13 /home/u201569000/domains/digitalnashik.in/public_html/system/Autoloader/Autoloader.php(219): CodeIgniter\Autoloader\Autoloader->loadInNamespace()
#14 /home/u201569000/domains/digitalnashik.in/public_html/app/Config/Routes.php(7): CodeIgniter\Autoloader\Autoloader->loadClass()
#15 /home/u201569000/domains/digitalnashik.in/public_html/system/CodeIgniter.php(712): require('/home/u20156900...')
#16 /home/u201569000/domains/digitalnashik.in/public_html/system/CodeIgniter.php(367): CodeIgniter\CodeIgniter->tryToRouteIt()
#17 /home/u201569000/domains/digitalnashik.in/public_html/system/CodeIgniter.php(325): CodeIgniter\CodeIgniter->handleRequest()
#18 /home/u201569000/domains/digitalnashik.in/public_html/index.php(47): CodeIgniter\CodeIgniter->run()
#19 {main}
ERROR - 2025-04-11 00:37:14 --> Error connecting to the database: MySQL server has gone away
CRITICAL - 2025-04-11 00:37:14 --> Unable to connect to the database.
Main connection [MySQLi]: MySQL server has gone away
#0 /home/u201569000/domains/digitalnashik.in/public_html/system/Session/Handlers/DatabaseHandler.php(94): CodeIgniter\Database\BaseConnection->initialize()
#1 [internal function]: CodeIgniter\Session\Handlers\DatabaseHandler->open()
#2 /home/u201569000/domains/digitalnashik.in/public_html/system/Session/Session.php(894): session_start()
#3 /home/u201569000/domains/digitalnashik.in/public_html/system/Session/Session.php(238): CodeIgniter\Session\Session->startSession()
#4 /home/u201569000/domains/digitalnashik.in/public_html/system/Config/Services.php(577): CodeIgniter\Session\Session->start()
#5 /home/u201569000/domains/digitalnashik.in/public_html/system/Config/BaseService.php(248): CodeIgniter\Config\Services::session()
#6 /home/u201569000/domains/digitalnashik.in/public_html/system/Config/BaseService.php(189): CodeIgniter\Config\BaseService::__callStatic()
#7 /home/u201569000/domains/digitalnashik.in/public_html/system/Config/Services.php(563): CodeIgniter\Config\BaseService::getSharedInstance()
#8 /home/u201569000/domains/digitalnashik.in/public_html/system/Config/BaseService.php(248): CodeIgniter\Config\Services::session()
#9 /home/u201569000/domains/digitalnashik.in/public_html/app/Config/Globals.php(27): CodeIgniter\Config\BaseService::__callStatic()
#10 /home/u201569000/domains/digitalnashik.in/public_html/app/Config/Globals.php(108): Config\Globals::setGlobals()
#11 /home/u201569000/domains/digitalnashik.in/public_html/system/Autoloader/Autoloader.php(264): include_once('/home/u20156900...')
#12 /home/u201569000/domains/digitalnashik.in/public_html/system/Autoloader/Autoloader.php(241): CodeIgniter\Autoloader\Autoloader->includeFile()
#13 /home/u201569000/domains/digitalnashik.in/public_html/system/Autoloader/Autoloader.php(219): CodeIgniter\Autoloader\Autoloader->loadInNamespace()
#14 /home/u201569000/domains/digitalnashik.in/public_html/app/Config/Routes.php(7): CodeIgniter\Autoloader\Autoloader->loadClass()
#15 /home/u201569000/domains/digitalnashik.in/public_html/system/CodeIgniter.php(712): require('/home/u20156900...')
#16 /home/u201569000/domains/digitalnashik.in/public_html/system/CodeIgniter.php(367): CodeIgniter\CodeIgniter->tryToRouteIt()
#17 /home/u201569000/domains/digitalnashik.in/public_html/system/CodeIgniter.php(325): CodeIgniter\CodeIgniter->handleRequest()
#18 /home/u201569000/domains/digitalnashik.in/public_html/index.php(47): CodeIgniter\CodeIgniter->run()
#19 {main}
ERROR - 2025-04-11 00:38:37 --> Error connecting to the database: Too many connections
CRITICAL - 2025-04-11 00:38:37 --> Unable to connect to the database.
Main connection [MySQLi]: Too many connections
#0 /home/u201569000/domains/digitalnashik.in/public_html/system/Session/Handlers/DatabaseHandler.php(94): CodeIgniter\Database\BaseConnection->initialize()
#1 [internal function]: CodeIgniter\Session\Handlers\DatabaseHandler->open()
#2 /home/u201569000/domains/digitalnashik.in/public_html/system/Session/Session.php(894): session_start()
#3 /home/u201569000/domains/digitalnashik.in/public_html/system/Session/Session.php(238): CodeIgniter\Session\Session->startSession()
#4 /home/u201569000/domains/digitalnashik.in/public_html/system/Config/Services.php(577): CodeIgniter\Session\Session->start()
#5 /home/u201569000/domains/digitalnashik.in/public_html/system/Config/BaseService.php(248): CodeIgniter\Config\Services::session()
#6 /home/u201569000/domains/digitalnashik.in/public_html/system/Config/BaseService.php(189): CodeIgniter\Config\BaseService::__callStatic()
#7 /home/u201569000/domains/digitalnashik.in/public_html/system/Config/Services.php(563): CodeIgniter\Config\BaseService::getSharedInstance()
#8 /home/u201569000/domains/digitalnashik.in/public_html/system/Config/BaseService.php(248): CodeIgniter\Config\Services::session()
#9 /home/u201569000/domains/digitalnashik.in/public_html/app/Config/Globals.php(27): CodeIgniter\Config\BaseService::__callStatic()
#10 /home/u201569000/domains/digitalnashik.in/public_html/app/Config/Globals.php(108): Config\Globals::setGlobals()
#11 /home/u201569000/domains/digitalnashik.in/public_html/system/Autoloader/Autoloader.php(264): include_once('/home/u20156900...')
#12 /home/u201569000/domains/digitalnashik.in/public_html/system/Autoloader/Autoloader.php(241): CodeIgniter\Autoloader\Autoloader->includeFile()
#13 /home/u201569000/domains/digitalnashik.in/public_html/system/Autoloader/Autoloader.php(219): CodeIgniter\Autoloader\Autoloader->loadInNamespace()
#14 /home/u201569000/domains/digitalnashik.in/public_html/app/Config/Routes.php(7): CodeIgniter\Autoloader\Autoloader->loadClass()
#15 /home/u201569000/domains/digitalnashik.in/public_html/system/CodeIgniter.php(712): require('/home/u20156900...')
#16 /home/u201569000/domains/digitalnashik.in/public_html/system/CodeIgniter.php(367): CodeIgniter\CodeIgniter->tryToRouteIt()
#17 /home/u201569000/domains/digitalnashik.in/public_html/system/CodeIgniter.php(325): CodeIgniter\CodeIgniter->handleRequest()
#18 /home/u201569000/domains/digitalnashik.in/public_html/index.php(47): CodeIgniter\CodeIgniter->run()
#19 {main}
ERROR - 2025-04-11 00:43:48 --> Error connecting to the database: Too many connections
CRITICAL - 2025-04-11 00:43:48 --> Unable to connect to the database.
Main connection [MySQLi]: Too many connections
#0 /home/u201569000/domains/digitalnashik.in/public_html/system/Session/Handlers/DatabaseHandler.php(94): CodeIgniter\Database\BaseConnection->initialize()
#1 [internal function]: CodeIgniter\Session\Handlers\DatabaseHandler->open()
#2 /home/u201569000/domains/digitalnashik.in/public_html/system/Session/Session.php(894): session_start()
#3 /home/u201569000/domains/digitalnashik.in/public_html/system/Session/Session.php(238): CodeIgniter\Session\Session->startSession()
#4 /home/u201569000/domains/digitalnashik.in/public_html/system/Config/Services.php(577): CodeIgniter\Session\Session->start()
#5 /home/u201569000/domains/digitalnashik.in/public_html/system/Config/BaseService.php(248): CodeIgniter\Config\Services::session()
#6 /home/u201569000/domains/digitalnashik.in/public_html/system/Config/BaseService.php(189): CodeIgniter\Config\BaseService::__callStatic()
#7 /home/u201569000/domains/digitalnashik.in/public_html/system/Config/Services.php(563): CodeIgniter\Config\BaseService::getSharedInstance()
#8 /home/u201569000/domains/digitalnashik.in/public_html/system/Config/BaseService.php(248): CodeIgniter\Config\Services::session()
#9 /home/u201569000/domains/digitalnashik.in/public_html/app/Config/Globals.php(27): CodeIgniter\Config\BaseService::__callStatic()
#10 /home/u201569000/domains/digitalnashik.in/public_html/app/Config/Globals.php(108): Config\Globals::setGlobals()
#11 /home/u201569000/domains/digitalnashik.in/public_html/system/Autoloader/Autoloader.php(264): include_once('/home/u20156900...')
#12 /home/u201569000/domains/digitalnashik.in/public_html/system/Autoloader/Autoloader.php(241): CodeIgniter\Autoloader\Autoloader->includeFile()
#13 /home/u201569000/domains/digitalnashik.in/public_html/system/Autoloader/Autoloader.php(219): CodeIgniter\Autoloader\Autoloader->loadInNamespace()
#14 /home/u201569000/domains/digitalnashik.in/public_html/app/Config/Routes.php(7): CodeIgniter\Autoloader\Autoloader->loadClass()
#15 /home/u201569000/domains/digitalnashik.in/public_html/system/CodeIgniter.php(712): require('/home/u20156900...')
#16 /home/u201569000/domains/digitalnashik.in/public_html/system/CodeIgniter.php(367): CodeIgniter\CodeIgniter->tryToRouteIt()
#17 /home/u201569000/domains/digitalnashik.in/public_html/system/CodeIgniter.php(325): CodeIgniter\CodeIgniter->handleRequest()
#18 /home/u201569000/domains/digitalnashik.in/public_html/index.php(47): CodeIgniter\CodeIgniter->run()
#19 {main}
ERROR - 2025-04-11 00:43:51 --> Error connecting to the database: Too many connections
CRITICAL - 2025-04-11 00:43:51 --> Unable to connect to the database.
Main connection [MySQLi]: Too many connections
#0 /home/u201569000/domains/digitalnashik.in/public_html/system/Session/Handlers/DatabaseHandler.php(94): CodeIgniter\Database\BaseConnection->initialize()
#1 [internal function]: CodeIgniter\Session\Handlers\DatabaseHandler->open()
#2 /home/u201569000/domains/digitalnashik.in/public_html/system/Session/Session.php(894): session_start()
#3 /home/u201569000/domains/digitalnashik.in/public_html/system/Session/Session.php(238): CodeIgniter\Session\Session->startSession()
#4 /home/u201569000/domains/digitalnashik.in/public_html/system/Config/Services.php(577): CodeIgniter\Session\Session->start()
#5 /home/u201569000/domains/digitalnashik.in/public_html/system/Config/BaseService.php(248): CodeIgniter\Config\Services::session()
#6 /home/u201569000/domains/digitalnashik.in/public_html/system/Config/BaseService.php(189): CodeIgniter\Config\BaseService::__callStatic()
#7 /home/u201569000/domains/digitalnashik.in/public_html/system/Config/Services.php(563): CodeIgniter\Config\BaseService::getSharedInstance()
#8 /home/u201569000/domains/digitalnashik.in/public_html/system/Config/BaseService.php(248): CodeIgniter\Config\Services::session()
#9 /home/u201569000/domains/digitalnashik.in/public_html/app/Config/Globals.php(27): CodeIgniter\Config\BaseService::__callStatic()
#10 /home/u201569000/domains/digitalnashik.in/public_html/app/Config/Globals.php(108): Config\Globals::setGlobals()
#11 /home/u201569000/domains/digitalnashik.in/public_html/system/Autoloader/Autoloader.php(264): include_once('/home/u20156900...')
#12 /home/u201569000/domains/digitalnashik.in/public_html/system/Autoloader/Autoloader.php(241): CodeIgniter\Autoloader\Autoloader->includeFile()
#13 /home/u201569000/domains/digitalnashik.in/public_html/system/Autoloader/Autoloader.php(219): CodeIgniter\Autoloader\Autoloader->loadInNamespace()
#14 /home/u201569000/domains/digitalnashik.in/public_html/app/Config/Routes.php(7): CodeIgniter\Autoloader\Autoloader->loadClass()
#15 /home/u201569000/domains/digitalnashik.in/public_html/system/CodeIgniter.php(712): require('/home/u20156900...')
#16 /home/u201569000/domains/digitalnashik.in/public_html/system/CodeIgniter.php(367): CodeIgniter\CodeIgniter->tryToRouteIt()
#17 /home/u201569000/domains/digitalnashik.in/public_html/system/CodeIgniter.php(325): CodeIgniter\CodeIgniter->handleRequest()
#18 /home/u201569000/domains/digitalnashik.in/public_html/index.php(47): CodeIgniter\CodeIgniter->run()
#19 {main}
ERROR - 2025-04-11 09:43:58 --> MySQL server has gone away
CRITICAL - 2025-04-11 09:43:58 --> Call to a member function getResult() on bool
#0 /home/u201569000/domains/digitalnashik.in/public_html/app/Views/admin/post/_filter_posts.php(60): App\Models\CategoryModel->getParentCategories()
#1 /home/u201569000/domains/digitalnashik.in/public_html/system/View/View.php(210): include('/home/u20156900...')
#2 /home/u201569000/domains/digitalnashik.in/public_html/system/View/View.php(213): CodeIgniter\View\View->CodeIgniter\View\{closure}()
#3 /home/u201569000/domains/digitalnashik.in/public_html/system/Common.php(1089): CodeIgniter\View\View->render()
#4 /home/u201569000/domains/digitalnashik.in/public_html/app/Views/admin/post/posts.php(23): view()
#5 /home/u201569000/domains/digitalnashik.in/public_html/system/View/View.php(210): include('/home/u20156900...')
#6 /home/u201569000/domains/digitalnashik.in/public_html/system/View/View.php(213): CodeIgniter\View\View->CodeIgniter\View\{closure}()
#7 /home/u201569000/domains/digitalnashik.in/public_html/system/Common.php(1089): CodeIgniter\View\View->render()
#8 /home/u201569000/domains/digitalnashik.in/public_html/app/Controllers/PostController.php(246): view()
#9 /home/u201569000/domains/digitalnashik.in/public_html/system/CodeIgniter.php(831): App\Controllers\PostController->posts()
#10 /home/u201569000/domains/digitalnashik.in/public_html/system/CodeIgniter.php(418): CodeIgniter\CodeIgniter->runController()
#11 /home/u201569000/domains/digitalnashik.in/public_html/system/CodeIgniter.php(325): CodeIgniter\CodeIgniter->handleRequest()
#12 /home/u201569000/domains/digitalnashik.in/public_html/index.php(47): CodeIgniter\CodeIgniter->run()
#13 {main}
ERROR - 2025-04-11 09:43:58 --> MySQL server has gone away
ERROR - 2025-04-11 00:44:02 --> Error connecting to the database: Too many connections
CRITICAL - 2025-04-11 00:44:02 --> Unable to connect to the database.
Main connection [MySQLi]: Too many connections
#0 /home/u201569000/domains/digitalnashik.in/public_html/system/Session/Handlers/DatabaseHandler.php(94): CodeIgniter\Database\BaseConnection->initialize()
#1 [internal function]: CodeIgniter\Session\Handlers\DatabaseHandler->open()
#2 /home/u201569000/domains/digitalnashik.in/public_html/system/Session/Session.php(894): session_start()
#3 /home/u201569000/domains/digitalnashik.in/public_html/system/Session/Session.php(238): CodeIgniter\Session\Session->startSession()
#4 /home/u201569000/domains/digitalnashik.in/public_html/system/Config/Services.php(577): CodeIgniter\Session\Session->start()
#5 /home/u201569000/domains/digitalnashik.in/public_html/system/Config/BaseService.php(248): CodeIgniter\Config\Services::session()
#6 /home/u201569000/domains/digitalnashik.in/public_html/system/Config/BaseService.php(189): CodeIgniter\Config\BaseService::__callStatic()
#7 /home/u201569000/domains/digitalnashik.in/public_html/system/Config/Services.php(563): CodeIgniter\Config\BaseService::getSharedInstance()
#8 /home/u201569000/domains/digitalnashik.in/public_html/system/Config/BaseService.php(248): CodeIgniter\Config\Services::session()
#9 /home/u201569000/domains/digitalnashik.in/public_html/app/Config/Globals.php(27): CodeIgniter\Config\BaseService::__callStatic()
#10 /home/u201569000/domains/digitalnashik.in/public_html/app/Config/Globals.php(108): Config\Globals::setGlobals()
#11 /home/u201569000/domains/digitalnashik.in/public_html/system/Autoloader/Autoloader.php(264): include_once('/home/u20156900...')
#12 /home/u201569000/domains/digitalnashik.in/public_html/system/Autoloader/Autoloader.php(241): CodeIgniter\Autoloader\Autoloader->includeFile()
#13 /home/u201569000/domains/digitalnashik.in/public_html/system/Autoloader/Autoloader.php(219): CodeIgniter\Autoloader\Autoloader->loadInNamespace()
#14 /home/u201569000/domains/digitalnashik.in/public_html/app/Config/Routes.php(7): CodeIgniter\Autoloader\Autoloader->loadClass()
#15 /home/u201569000/domains/digitalnashik.in/public_html/system/CodeIgniter.php(712): require('/home/u20156900...')
#16 /home/u201569000/domains/digitalnashik.in/public_html/system/CodeIgniter.php(367): CodeIgniter\CodeIgniter->tryToRouteIt()
#17 /home/u201569000/domains/digitalnashik.in/public_html/system/CodeIgniter.php(325): CodeIgniter\CodeIgniter->handleRequest()
#18 /home/u201569000/domains/digitalnashik.in/public_html/index.php(47): CodeIgniter\CodeIgniter->run()
#19 {main}
ERROR - 2025-04-11 00:44:05 --> Error connecting to the database: Too many connections
CRITICAL - 2025-04-11 00:44:05 --> Unable to connect to the database.
Main connection [MySQLi]: Too many connections
#0 /home/u201569000/domains/digitalnashik.in/public_html/system/Session/Handlers/DatabaseHandler.php(94): CodeIgniter\Database\BaseConnection->initialize()
#1 [internal function]: CodeIgniter\Session\Handlers\DatabaseHandler->open()
#2 /home/u201569000/domains/digitalnashik.in/public_html/system/Session/Session.php(894): session_start()
#3 /home/u201569000/domains/digitalnashik.in/public_html/system/Session/Session.php(238): CodeIgniter\Session\Session->startSession()
#4 /home/u201569000/domains/digitalnashik.in/public_html/system/Config/Services.php(577): CodeIgniter\Session\Session->start()
#5 /home/u201569000/domains/digitalnashik.in/public_html/system/Config/BaseService.php(248): CodeIgniter\Config\Services::session()
#6 /home/u201569000/domains/digitalnashik.in/public_html/system/Config/BaseService.php(189): CodeIgniter\Config\BaseService::__callStatic()
#7 /home/u201569000/domains/digitalnashik.in/public_html/system/Config/Services.php(563): CodeIgniter\Config\BaseService::getSharedInstance()
#8 /home/u201569000/domains/digitalnashik.in/public_html/system/Config/BaseService.php(248): CodeIgniter\Config\Services::session()
#9 /home/u201569000/domains/digitalnashik.in/public_html/app/Config/Globals.php(27): CodeIgniter\Config\BaseService::__callStatic()
#10 /home/u201569000/domains/digitalnashik.in/public_html/app/Config/Globals.php(108): Config\Globals::setGlobals()
#11 /home/u201569000/domains/digitalnashik.in/public_html/system/Autoloader/Autoloader.php(264): include_once('/home/u20156900...')
#12 /home/u201569000/domains/digitalnashik.in/public_html/system/Autoloader/Autoloader.php(241): CodeIgniter\Autoloader\Autoloader->includeFile()
#13 /home/u201569000/domains/digitalnashik.in/public_html/system/Autoloader/Autoloader.php(219): CodeIgniter\Autoloader\Autoloader->loadInNamespace()
#14 /home/u201569000/domains/digitalnashik.in/public_html/app/Config/Routes.php(7): CodeIgniter\Autoloader\Autoloader->loadClass()
#15 /home/u201569000/domains/digitalnashik.in/public_html/system/CodeIgniter.php(712): require('/home/u20156900...')
#16 /home/u201569000/domains/digitalnashik.in/public_html/system/CodeIgniter.php(367): CodeIgniter\CodeIgniter->tryToRouteIt()
#17 /home/u201569000/domains/digitalnashik.in/public_html/system/CodeIgniter.php(325): CodeIgniter\CodeIgniter->handleRequest()
#18 /home/u201569000/domains/digitalnashik.in/public_html/index.php(47): CodeIgniter\CodeIgniter->run()
#19 {main}
ERROR - 2025-04-11 00:44:37 --> Error connecting to the database: Too many connections
CRITICAL - 2025-04-11 00:44:37 --> Unable to connect to the database.
Main connection [MySQLi]: Too many connections
#0 /home/u201569000/domains/digitalnashik.in/public_html/system/Session/Handlers/DatabaseHandler.php(94): CodeIgniter\Database\BaseConnection->initialize()
#1 [internal function]: CodeIgniter\Session\Handlers\DatabaseHandler->open()
#2 /home/u201569000/domains/digitalnashik.in/public_html/system/Session/Session.php(894): session_start()
#3 /home/u201569000/domains/digitalnashik.in/public_html/system/Session/Session.php(238): CodeIgniter\Session\Session->startSession()
#4 /home/u201569000/domains/digitalnashik.in/public_html/system/Config/Services.php(577): CodeIgniter\Session\Session->start()
#5 /home/u201569000/domains/digitalnashik.in/public_html/system/Config/BaseService.php(248): CodeIgniter\Config\Services::session()
#6 /home/u201569000/domains/digitalnashik.in/public_html/system/Config/BaseService.php(189): CodeIgniter\Config\BaseService::__callStatic()
#7 /home/u201569000/domains/digitalnashik.in/public_html/system/Config/Services.php(563): CodeIgniter\Config\BaseService::getSharedInstance()
#8 /home/u201569000/domains/digitalnashik.in/public_html/system/Config/BaseService.php(248): CodeIgniter\Config\Services::session()
#9 /home/u201569000/domains/digitalnashik.in/public_html/app/Config/Globals.php(27): CodeIgniter\Config\BaseService::__callStatic()
#10 /home/u201569000/domains/digitalnashik.in/public_html/app/Config/Globals.php(108): Config\Globals::setGlobals()
#11 /home/u201569000/domains/digitalnashik.in/public_html/system/Autoloader/Autoloader.php(264): include_once('/home/u20156900...')
#12 /home/u201569000/domains/digitalnashik.in/public_html/system/Autoloader/Autoloader.php(241): CodeIgniter\Autoloader\Autoloader->includeFile()
#13 /home/u201569000/domains/digitalnashik.in/public_html/system/Autoloader/Autoloader.php(219): CodeIgniter\Autoloader\Autoloader->loadInNamespace()
#14 /home/u201569000/domains/digitalnashik.in/public_html/app/Config/Routes.php(7): CodeIgniter\Autoloader\Autoloader->loadClass()
#15 /home/u201569000/domains/digitalnashik.in/public_html/system/CodeIgniter.php(712): require('/home/u20156900...')
#16 /home/u201569000/domains/digitalnashik.in/public_html/system/CodeIgniter.php(367): CodeIgniter\CodeIgniter->tryToRouteIt()
#17 /home/u201569000/domains/digitalnashik.in/public_html/system/CodeIgniter.php(325): CodeIgniter\CodeIgniter->handleRequest()
#18 /home/u201569000/domains/digitalnashik.in/public_html/index.php(47): CodeIgniter\CodeIgniter->run()
#19 {main}
ERROR - 2025-04-11 00:44:41 --> Error connecting to the database: Too many connections
CRITICAL - 2025-04-11 00:44:41 --> Unable to connect to the database.
Main connection [MySQLi]: Too many connections
#0 /home/u201569000/domains/digitalnashik.in/public_html/system/Session/Handlers/DatabaseHandler.php(94): CodeIgniter\Database\BaseConnection->initialize()
#1 [internal function]: CodeIgniter\Session\Handlers\DatabaseHandler->open()
#2 /home/u201569000/domains/digitalnashik.in/public_html/system/Session/Session.php(894): session_start()
#3 /home/u201569000/domains/digitalnashik.in/public_html/system/Session/Session.php(238): CodeIgniter\Session\Session->startSession()
#4 /home/u201569000/domains/digitalnashik.in/public_html/system/Config/Services.php(577): CodeIgniter\Session\Session->start()
#5 /home/u201569000/domains/digitalnashik.in/public_html/system/Config/BaseService.php(248): CodeIgniter\Config\Services::session()
#6 /home/u201569000/domains/digitalnashik.in/public_html/system/Config/BaseService.php(189): CodeIgniter\Config\BaseService::__callStatic()
#7 /home/u201569000/domains/digitalnashik.in/public_html/system/Config/Services.php(563): CodeIgniter\Config\BaseService::getSharedInstance()
#8 /home/u201569000/domains/digitalnashik.in/public_html/system/Config/BaseService.php(248): CodeIgniter\Config\Services::session()
#9 /home/u201569000/domains/digitalnashik.in/public_html/app/Config/Globals.php(27): CodeIgniter\Config\BaseService::__callStatic()
#10 /home/u201569000/domains/digitalnashik.in/public_html/app/Config/Globals.php(108): Config\Globals::setGlobals()
#11 /home/u201569000/domains/digitalnashik.in/public_html/system/Autoloader/Autoloader.php(264): include_once('/home/u20156900...')
#12 /home/u201569000/domains/digitalnashik.in/public_html/system/Autoloader/Autoloader.php(241): CodeIgniter\Autoloader\Autoloader->includeFile()
#13 /home/u201569000/domains/digitalnashik.in/public_html/system/Autoloader/Autoloader.php(219): CodeIgniter\Autoloader\Autoloader->loadInNamespace()
#14 /home/u201569000/domains/digitalnashik.in/public_html/app/Config/Routes.php(7): CodeIgniter\Autoloader\Autoloader->loadClass()
#15 /home/u201569000/domains/digitalnashik.in/public_html/system/CodeIgniter.php(712): require('/home/u20156900...')
#16 /home/u201569000/domains/digitalnashik.in/public_html/system/CodeIgniter.php(367): CodeIgniter\CodeIgniter->tryToRouteIt()
#17 /home/u201569000/domains/digitalnashik.in/public_html/system/CodeIgniter.php(325): CodeIgniter\CodeIgniter->handleRequest()
#18 /home/u201569000/domains/digitalnashik.in/public_html/index.php(47): CodeIgniter\CodeIgniter->run()
#19 {main}
ERROR - 2025-04-11 00:45:10 --> Error connecting to the database: MySQL server has gone away
CRITICAL - 2025-04-11 00:45:10 --> Unable to connect to the database.
Main connection [MySQLi]: MySQL server has gone away
#0 /home/u201569000/domains/digitalnashik.in/public_html/system/Session/Handlers/DatabaseHandler.php(94): CodeIgniter\Database\BaseConnection->initialize()
#1 [internal function]: CodeIgniter\Session\Handlers\DatabaseHandler->open()
#2 /home/u201569000/domains/digitalnashik.in/public_html/system/Session/Session.php(894): session_start()
#3 /home/u201569000/domains/digitalnashik.in/public_html/system/Session/Session.php(238): CodeIgniter\Session\Session->startSession()
#4 /home/u201569000/domains/digitalnashik.in/public_html/system/Config/Services.php(577): CodeIgniter\Session\Session->start()
#5 /home/u201569000/domains/digitalnashik.in/public_html/system/Config/BaseService.php(248): CodeIgniter\Config\Services::session()
#6 /home/u201569000/domains/digitalnashik.in/public_html/system/Config/BaseService.php(189): CodeIgniter\Config\BaseService::__callStatic()
#7 /home/u201569000/domains/digitalnashik.in/public_html/system/Config/Services.php(563): CodeIgniter\Config\BaseService::getSharedInstance()
#8 /home/u201569000/domains/digitalnashik.in/public_html/system/Config/BaseService.php(248): CodeIgniter\Config\Services::session()
#9 /home/u201569000/domains/digitalnashik.in/public_html/app/Config/Globals.php(27): CodeIgniter\Config\BaseService::__callStatic()
#10 /home/u201569000/domains/digitalnashik.in/public_html/app/Config/Globals.php(108): Config\Globals::setGlobals()
#11 /home/u201569000/domains/digitalnashik.in/public_html/system/Autoloader/Autoloader.php(264): include_once('/home/u20156900...')
#12 /home/u201569000/domains/digitalnashik.in/public_html/system/Autoloader/Autoloader.php(241): CodeIgniter\Autoloader\Autoloader->includeFile()
#13 /home/u201569000/domains/digitalnashik.in/public_html/system/Autoloader/Autoloader.php(219): CodeIgniter\Autoloader\Autoloader->loadInNamespace()
#14 /home/u201569000/domains/digitalnashik.in/public_html/app/Config/Routes.php(7): CodeIgniter\Autoloader\Autoloader->loadClass()
#15 /home/u201569000/domains/digitalnashik.in/public_html/system/CodeIgniter.php(712): require('/home/u20156900...')
#16 /home/u201569000/domains/digitalnashik.in/public_html/system/CodeIgniter.php(367): CodeIgniter\CodeIgniter->tryToRouteIt()
#17 /home/u201569000/domains/digitalnashik.in/public_html/system/CodeIgniter.php(325): CodeIgniter\CodeIgniter->handleRequest()
#18 /home/u201569000/domains/digitalnashik.in/public_html/index.php(47): CodeIgniter\CodeIgniter->run()
#19 {main}
ERROR - 2025-04-11 00:45:12 --> Error connecting to the database: Too many connections
CRITICAL - 2025-04-11 00:45:12 --> Unable to connect to the database.
Main connection [MySQLi]: Too many connections
#0 /home/u201569000/domains/digitalnashik.in/public_html/system/Session/Handlers/DatabaseHandler.php(94): CodeIgniter\Database\BaseConnection->initialize()
#1 [internal function]: CodeIgniter\Session\Handlers\DatabaseHandler->open()
#2 /home/u201569000/domains/digitalnashik.in/public_html/system/Session/Session.php(894): session_start()
#3 /home/u201569000/domains/digitalnashik.in/public_html/system/Session/Session.php(238): CodeIgniter\Session\Session->startSession()
#4 /home/u201569000/domains/digitalnashik.in/public_html/system/Config/Services.php(577): CodeIgniter\Session\Session->start()
#5 /home/u201569000/domains/digitalnashik.in/public_html/system/Config/BaseService.php(248): CodeIgniter\Config\Services::session()
#6 /home/u201569000/domains/digitalnashik.in/public_html/system/Config/BaseService.php(189): CodeIgniter\Config\BaseService::__callStatic()
#7 /home/u201569000/domains/digitalnashik.in/public_html/system/Config/Services.php(563): CodeIgniter\Config\BaseService::getSharedInstance()
#8 /home/u201569000/domains/digitalnashik.in/public_html/system/Config/BaseService.php(248): CodeIgniter\Config\Services::session()
#9 /home/u201569000/domains/digitalnashik.in/public_html/app/Config/Globals.php(27): CodeIgniter\Config\BaseService::__callStatic()
#10 /home/u201569000/domains/digitalnashik.in/public_html/app/Config/Globals.php(108): Config\Globals::setGlobals()
#11 /home/u201569000/domains/digitalnashik.in/public_html/system/Autoloader/Autoloader.php(264): include_once('/home/u20156900...')
#12 /home/u201569000/domains/digitalnashik.in/public_html/system/Autoloader/Autoloader.php(241): CodeIgniter\Autoloader\Autoloader->includeFile()
#13 /home/u201569000/domains/digitalnashik.in/public_html/system/Autoloader/Autoloader.php(219): CodeIgniter\Autoloader\Autoloader->loadInNamespace()
#14 /home/u201569000/domains/digitalnashik.in/public_html/app/Config/Routes.php(7): CodeIgniter\Autoloader\Autoloader->loadClass()
#15 /home/u201569000/domains/digitalnashik.in/public_html/system/CodeIgniter.php(712): require('/home/u20156900...')
#16 /home/u201569000/domains/digitalnashik.in/public_html/system/CodeIgniter.php(367): CodeIgniter\CodeIgniter->tryToRouteIt()
#17 /home/u201569000/domains/digitalnashik.in/public_html/system/CodeIgniter.php(325): CodeIgniter\CodeIgniter->handleRequest()
#18 /home/u201569000/domains/digitalnashik.in/public_html/index.php(47): CodeIgniter\CodeIgniter->run()
#19 {main}
ERROR - 2025-04-11 00:45:22 --> Error connecting to the database: Too many connections
CRITICAL - 2025-04-11 00:45:22 --> Unable to connect to the database.
Main connection [MySQLi]: Too many connections
#0 /home/u201569000/domains/digitalnashik.in/public_html/system/Session/Handlers/DatabaseHandler.php(94): CodeIgniter\Database\BaseConnection->initialize()
#1 [internal function]: CodeIgniter\Session\Handlers\DatabaseHandler->open()
#2 /home/u201569000/domains/digitalnashik.in/public_html/system/Session/Session.php(894): session_start()
#3 /home/u201569000/domains/digitalnashik.in/public_html/system/Session/Session.php(238): CodeIgniter\Session\Session->startSession()
#4 /home/u201569000/domains/digitalnashik.in/public_html/system/Config/Services.php(577): CodeIgniter\Session\Session->start()
#5 /home/u201569000/domains/digitalnashik.in/public_html/system/Config/BaseService.php(248): CodeIgniter\Config\Services::session()
#6 /home/u201569000/domains/digitalnashik.in/public_html/system/Config/BaseService.php(189): CodeIgniter\Config\BaseService::__callStatic()
#7 /home/u201569000/domains/digitalnashik.in/public_html/system/Config/Services.php(563): CodeIgniter\Config\BaseService::getSharedInstance()
#8 /home/u201569000/domains/digitalnashik.in/public_html/system/Config/BaseService.php(248): CodeIgniter\Config\Services::session()
#9 /home/u201569000/domains/digitalnashik.in/public_html/app/Config/Globals.php(27): CodeIgniter\Config\BaseService::__callStatic()
#10 /home/u201569000/domains/digitalnashik.in/public_html/app/Config/Globals.php(108): Config\Globals::setGlobals()
#11 /home/u201569000/domains/digitalnashik.in/public_html/system/Autoloader/Autoloader.php(264): include_once('/home/u20156900...')
#12 /home/u201569000/domains/digitalnashik.in/public_html/system/Autoloader/Autoloader.php(241): CodeIgniter\Autoloader\Autoloader->includeFile()
#13 /home/u201569000/domains/digitalnashik.in/public_html/system/Autoloader/Autoloader.php(219): CodeIgniter\Autoloader\Autoloader->loadInNamespace()
#14 /home/u201569000/domains/digitalnashik.in/public_html/app/Config/Routes.php(7): CodeIgniter\Autoloader\Autoloader->loadClass()
#15 /home/u201569000/domains/digitalnashik.in/public_html/system/CodeIgniter.php(712): require('/home/u20156900...')
#16 /home/u201569000/domains/digitalnashik.in/public_html/system/CodeIgniter.php(367): CodeIgniter\CodeIgniter->tryToRouteIt()
#17 /home/u201569000/domains/digitalnashik.in/public_html/system/CodeIgniter.php(325): CodeIgniter\CodeIgniter->handleRequest()
#18 /home/u201569000/domains/digitalnashik.in/public_html/index.php(47): CodeIgniter\CodeIgniter->run()
#19 {main}
