CRITICAL - 2023-11-29 03:57:37 --> Undefined array key "HTTP_USER_AGENT"
#0 /home/u722665195/domains/digitalnashik.in/public_html/app/Common.php(1953): CodeIgniter\Debug\Exceptions->errorHandler()
#1 /home/u722665195/domains/digitalnashik.in/public_html/app/Models/PostModel.php(322): isBot()
#2 /home/u722665195/domains/digitalnashik.in/public_html/app/Controllers/HomeController.php(176): App\Models\PostModel->increasePostPageviews()
#3 /home/u722665195/domains/digitalnashik.in/public_html/app/Controllers/HomeController.php(104): App\Controllers\HomeController->post()
#4 /home/u722665195/domains/digitalnashik.in/public_html/system/CodeIgniter.php(831): App\Controllers\HomeController->any()
#5 /home/u722665195/domains/digitalnashik.in/public_html/system/CodeIgniter.php(418): CodeIgniter\CodeIgniter->runController()
#6 /home/u722665195/domains/digitalnashik.in/public_html/system/CodeIgniter.php(325): CodeIgniter\CodeIgniter->handleRequest()
#7 /home/u722665195/domains/digitalnashik.in/public_html/index.php(47): CodeIgniter\CodeIgniter->run()
#8 {main}
CRITICAL - 2023-11-29 03:57:59 --> Undefined array key "HTTP_USER_AGENT"
#0 /home/u722665195/domains/digitalnashik.in/public_html/app/Common.php(1953): CodeIgniter\Debug\Exceptions->errorHandler()
#1 /home/u722665195/domains/digitalnashik.in/public_html/app/Models/PostModel.php(322): isBot()
#2 /home/u722665195/domains/digitalnashik.in/public_html/app/Controllers/HomeController.php(176): App\Models\PostModel->increasePostPageviews()
#3 /home/u722665195/domains/digitalnashik.in/public_html/app/Controllers/HomeController.php(104): App\Controllers\HomeController->post()
#4 /home/u722665195/domains/digitalnashik.in/public_html/system/CodeIgniter.php(831): App\Controllers\HomeController->any()
#5 /home/u722665195/domains/digitalnashik.in/public_html/system/CodeIgniter.php(418): CodeIgniter\CodeIgniter->runController()
#6 /home/u722665195/domains/digitalnashik.in/public_html/system/CodeIgniter.php(325): CodeIgniter\CodeIgniter->handleRequest()
#7 /home/u722665195/domains/digitalnashik.in/public_html/index.php(47): CodeIgniter\CodeIgniter->run()
#8 {main}
