ERROR - 2023-10-07 01:29:07 --> Error connecting to the database: Access denied for user '****'@'localhost' (using password: YES)
CRITICAL - 2023-10-07 01:29:07 --> Unable to connect to the database.
Main connection [MySQLi]: Access denied for user '****'@'localhost' (using password: YES)
#0 /home/u722665195/domains/digitalnashik.in/public_html/system/Session/Handlers/DatabaseHandler.php(94): CodeIgniter\Database\BaseConnection->initialize()
#1 [internal function]: CodeIgniter\Session\Handlers\DatabaseHandler->open()
#2 /home/u722665195/domains/digitalnashik.in/public_html/system/Session/Session.php(894): session_start()
#3 /home/u722665195/domains/digitalnashik.in/public_html/system/Session/Session.php(238): CodeIgniter\Session\Session->startSession()
#4 /home/u722665195/domains/digitalnashik.in/public_html/system/Config/Services.php(577): CodeIgniter\Session\Session->start()
#5 /home/u722665195/domains/digitalnashik.in/public_html/system/Config/BaseService.php(248): CodeIgniter\Config\Services::session()
#6 /home/u722665195/domains/digitalnashik.in/public_html/system/Config/BaseService.php(189): CodeIgniter\Config\BaseService::__callStatic()
#7 /home/u722665195/domains/digitalnashik.in/public_html/system/Config/Services.php(563): CodeIgniter\Config\BaseService::getSharedInstance()
#8 /home/u722665195/domains/digitalnashik.in/public_html/system/Config/BaseService.php(248): CodeIgniter\Config\Services::session()
#9 /home/u722665195/domains/digitalnashik.in/public_html/app/Config/Globals.php(27): CodeIgniter\Config\BaseService::__callStatic()
#10 /home/u722665195/domains/digitalnashik.in/public_html/app/Config/Globals.php(108): Config\Globals::setGlobals()
#11 /home/u722665195/domains/digitalnashik.in/public_html/system/Autoloader/Autoloader.php(264): include_once('/home/u72266519...')
#12 /home/u722665195/domains/digitalnashik.in/public_html/system/Autoloader/Autoloader.php(241): CodeIgniter\Autoloader\Autoloader->includeFile()
#13 /home/u722665195/domains/digitalnashik.in/public_html/system/Autoloader/Autoloader.php(219): CodeIgniter\Autoloader\Autoloader->loadInNamespace()
#14 /home/u722665195/domains/digitalnashik.in/public_html/app/Config/Routes.php(7): CodeIgniter\Autoloader\Autoloader->loadClass()
#15 /home/u722665195/domains/digitalnashik.in/public_html/system/CodeIgniter.php(712): require('/home/u72266519...')
#16 /home/u722665195/domains/digitalnashik.in/public_html/system/CodeIgniter.php(367): CodeIgniter\CodeIgniter->tryToRouteIt()
#17 /home/u722665195/domains/digitalnashik.in/public_html/system/CodeIgniter.php(325): CodeIgniter\CodeIgniter->handleRequest()
#18 /home/u722665195/domains/digitalnashik.in/public_html/index.php(47): CodeIgniter\CodeIgniter->run()
#19 {main}
ERROR - 2023-10-07 01:29:17 --> Error connecting to the database: Access denied for user '****'@'localhost' (using password: YES)
CRITICAL - 2023-10-07 01:29:17 --> Unable to connect to the database.
Main connection [MySQLi]: Access denied for user '****'@'localhost' (using password: YES)
#0 /home/u722665195/domains/digitalnashik.in/public_html/system/Session/Handlers/DatabaseHandler.php(94): CodeIgniter\Database\BaseConnection->initialize()
#1 [internal function]: CodeIgniter\Session\Handlers\DatabaseHandler->open()
#2 /home/u722665195/domains/digitalnashik.in/public_html/system/Session/Session.php(894): session_start()
#3 /home/u722665195/domains/digitalnashik.in/public_html/system/Session/Session.php(238): CodeIgniter\Session\Session->startSession()
#4 /home/u722665195/domains/digitalnashik.in/public_html/system/Config/Services.php(577): CodeIgniter\Session\Session->start()
#5 /home/u722665195/domains/digitalnashik.in/public_html/system/Config/BaseService.php(248): CodeIgniter\Config\Services::session()
#6 /home/u722665195/domains/digitalnashik.in/public_html/system/Config/BaseService.php(189): CodeIgniter\Config\BaseService::__callStatic()
#7 /home/u722665195/domains/digitalnashik.in/public_html/system/Config/Services.php(563): CodeIgniter\Config\BaseService::getSharedInstance()
#8 /home/u722665195/domains/digitalnashik.in/public_html/system/Config/BaseService.php(248): CodeIgniter\Config\Services::session()
#9 /home/u722665195/domains/digitalnashik.in/public_html/app/Config/Globals.php(27): CodeIgniter\Config\BaseService::__callStatic()
#10 /home/u722665195/domains/digitalnashik.in/public_html/app/Config/Globals.php(108): Config\Globals::setGlobals()
#11 /home/u722665195/domains/digitalnashik.in/public_html/system/Autoloader/Autoloader.php(264): include_once('/home/u72266519...')
#12 /home/u722665195/domains/digitalnashik.in/public_html/system/Autoloader/Autoloader.php(241): CodeIgniter\Autoloader\Autoloader->includeFile()
#13 /home/u722665195/domains/digitalnashik.in/public_html/system/Autoloader/Autoloader.php(219): CodeIgniter\Autoloader\Autoloader->loadInNamespace()
#14 /home/u722665195/domains/digitalnashik.in/public_html/app/Config/Routes.php(7): CodeIgniter\Autoloader\Autoloader->loadClass()
#15 /home/u722665195/domains/digitalnashik.in/public_html/system/CodeIgniter.php(712): require('/home/u72266519...')
#16 /home/u722665195/domains/digitalnashik.in/public_html/system/CodeIgniter.php(367): CodeIgniter\CodeIgniter->tryToRouteIt()
#17 /home/u722665195/domains/digitalnashik.in/public_html/system/CodeIgniter.php(325): CodeIgniter\CodeIgniter->handleRequest()
#18 /home/u722665195/domains/digitalnashik.in/public_html/index.php(47): CodeIgniter\CodeIgniter->run()
#19 {main}
ERROR - 2023-10-07 01:30:35 --> Error connecting to the database: Access denied for user '****'@'localhost' (using password: YES)
CRITICAL - 2023-10-07 01:30:35 --> Unable to connect to the database.
Main connection [MySQLi]: Access denied for user '****'@'localhost' (using password: YES)
#0 /home/u722665195/domains/digitalnashik.in/public_html/system/Session/Handlers/DatabaseHandler.php(94): CodeIgniter\Database\BaseConnection->initialize()
#1 [internal function]: CodeIgniter\Session\Handlers\DatabaseHandler->open()
#2 /home/u722665195/domains/digitalnashik.in/public_html/system/Session/Session.php(894): session_start()
#3 /home/u722665195/domains/digitalnashik.in/public_html/system/Session/Session.php(238): CodeIgniter\Session\Session->startSession()
#4 /home/u722665195/domains/digitalnashik.in/public_html/system/Config/Services.php(577): CodeIgniter\Session\Session->start()
#5 /home/u722665195/domains/digitalnashik.in/public_html/system/Config/BaseService.php(248): CodeIgniter\Config\Services::session()
#6 /home/u722665195/domains/digitalnashik.in/public_html/system/Config/BaseService.php(189): CodeIgniter\Config\BaseService::__callStatic()
#7 /home/u722665195/domains/digitalnashik.in/public_html/system/Config/Services.php(563): CodeIgniter\Config\BaseService::getSharedInstance()
#8 /home/u722665195/domains/digitalnashik.in/public_html/system/Config/BaseService.php(248): CodeIgniter\Config\Services::session()
#9 /home/u722665195/domains/digitalnashik.in/public_html/app/Config/Globals.php(27): CodeIgniter\Config\BaseService::__callStatic()
#10 /home/u722665195/domains/digitalnashik.in/public_html/app/Config/Globals.php(108): Config\Globals::setGlobals()
#11 /home/u722665195/domains/digitalnashik.in/public_html/system/Autoloader/Autoloader.php(264): include_once('/home/u72266519...')
#12 /home/u722665195/domains/digitalnashik.in/public_html/system/Autoloader/Autoloader.php(241): CodeIgniter\Autoloader\Autoloader->includeFile()
#13 /home/u722665195/domains/digitalnashik.in/public_html/system/Autoloader/Autoloader.php(219): CodeIgniter\Autoloader\Autoloader->loadInNamespace()
#14 /home/u722665195/domains/digitalnashik.in/public_html/app/Config/Routes.php(7): CodeIgniter\Autoloader\Autoloader->loadClass()
#15 /home/u722665195/domains/digitalnashik.in/public_html/system/CodeIgniter.php(712): require('/home/u72266519...')
#16 /home/u722665195/domains/digitalnashik.in/public_html/system/CodeIgniter.php(367): CodeIgniter\CodeIgniter->tryToRouteIt()
#17 /home/u722665195/domains/digitalnashik.in/public_html/system/CodeIgniter.php(325): CodeIgniter\CodeIgniter->handleRequest()
#18 /home/u722665195/domains/digitalnashik.in/public_html/index.php(47): CodeIgniter\CodeIgniter->run()
#19 {main}
ERROR - 2023-10-07 01:33:45 --> Error connecting to the database: Access denied for user '****'@'localhost' (using password: YES)
CRITICAL - 2023-10-07 01:33:45 --> Unable to connect to the database.
Main connection [MySQLi]: Access denied for user '****'@'localhost' (using password: YES)
#0 /home/u722665195/domains/digitalnashik.in/public_html/system/Session/Handlers/DatabaseHandler.php(94): CodeIgniter\Database\BaseConnection->initialize()
#1 [internal function]: CodeIgniter\Session\Handlers\DatabaseHandler->open()
#2 /home/u722665195/domains/digitalnashik.in/public_html/system/Session/Session.php(894): session_start()
#3 /home/u722665195/domains/digitalnashik.in/public_html/system/Session/Session.php(238): CodeIgniter\Session\Session->startSession()
#4 /home/u722665195/domains/digitalnashik.in/public_html/system/Config/Services.php(577): CodeIgniter\Session\Session->start()
#5 /home/u722665195/domains/digitalnashik.in/public_html/system/Config/BaseService.php(248): CodeIgniter\Config\Services::session()
#6 /home/u722665195/domains/digitalnashik.in/public_html/system/Config/BaseService.php(189): CodeIgniter\Config\BaseService::__callStatic()
#7 /home/u722665195/domains/digitalnashik.in/public_html/system/Config/Services.php(563): CodeIgniter\Config\BaseService::getSharedInstance()
#8 /home/u722665195/domains/digitalnashik.in/public_html/system/Config/BaseService.php(248): CodeIgniter\Config\Services::session()
#9 /home/u722665195/domains/digitalnashik.in/public_html/app/Config/Globals.php(27): CodeIgniter\Config\BaseService::__callStatic()
#10 /home/u722665195/domains/digitalnashik.in/public_html/app/Config/Globals.php(108): Config\Globals::setGlobals()
#11 /home/u722665195/domains/digitalnashik.in/public_html/system/Autoloader/Autoloader.php(264): include_once('/home/u72266519...')
#12 /home/u722665195/domains/digitalnashik.in/public_html/system/Autoloader/Autoloader.php(241): CodeIgniter\Autoloader\Autoloader->includeFile()
#13 /home/u722665195/domains/digitalnashik.in/public_html/system/Autoloader/Autoloader.php(219): CodeIgniter\Autoloader\Autoloader->loadInNamespace()
#14 /home/u722665195/domains/digitalnashik.in/public_html/app/Config/Routes.php(7): CodeIgniter\Autoloader\Autoloader->loadClass()
#15 /home/u722665195/domains/digitalnashik.in/public_html/system/CodeIgniter.php(712): require('/home/u72266519...')
#16 /home/u722665195/domains/digitalnashik.in/public_html/system/CodeIgniter.php(367): CodeIgniter\CodeIgniter->tryToRouteIt()
#17 /home/u722665195/domains/digitalnashik.in/public_html/system/CodeIgniter.php(325): CodeIgniter\CodeIgniter->handleRequest()
#18 /home/u722665195/domains/digitalnashik.in/public_html/index.php(47): CodeIgniter\CodeIgniter->run()
#19 {main}
ERROR - 2023-10-07 01:34:43 --> Error connecting to the database: Access denied for user '****'@'localhost' (using password: YES)
CRITICAL - 2023-10-07 01:34:43 --> Unable to connect to the database.
Main connection [MySQLi]: Access denied for user '****'@'localhost' (using password: YES)
#0 /home/u722665195/domains/digitalnashik.in/public_html/system/Session/Handlers/DatabaseHandler.php(94): CodeIgniter\Database\BaseConnection->initialize()
#1 [internal function]: CodeIgniter\Session\Handlers\DatabaseHandler->open()
#2 /home/u722665195/domains/digitalnashik.in/public_html/system/Session/Session.php(894): session_start()
#3 /home/u722665195/domains/digitalnashik.in/public_html/system/Session/Session.php(238): CodeIgniter\Session\Session->startSession()
#4 /home/u722665195/domains/digitalnashik.in/public_html/system/Config/Services.php(577): CodeIgniter\Session\Session->start()
#5 /home/u722665195/domains/digitalnashik.in/public_html/system/Config/BaseService.php(248): CodeIgniter\Config\Services::session()
#6 /home/u722665195/domains/digitalnashik.in/public_html/system/Config/BaseService.php(189): CodeIgniter\Config\BaseService::__callStatic()
#7 /home/u722665195/domains/digitalnashik.in/public_html/system/Config/Services.php(563): CodeIgniter\Config\BaseService::getSharedInstance()
#8 /home/u722665195/domains/digitalnashik.in/public_html/system/Config/BaseService.php(248): CodeIgniter\Config\Services::session()
#9 /home/u722665195/domains/digitalnashik.in/public_html/app/Config/Globals.php(27): CodeIgniter\Config\BaseService::__callStatic()
#10 /home/u722665195/domains/digitalnashik.in/public_html/app/Config/Globals.php(108): Config\Globals::setGlobals()
#11 /home/u722665195/domains/digitalnashik.in/public_html/system/Autoloader/Autoloader.php(264): include_once('/home/u72266519...')
#12 /home/u722665195/domains/digitalnashik.in/public_html/system/Autoloader/Autoloader.php(241): CodeIgniter\Autoloader\Autoloader->includeFile()
#13 /home/u722665195/domains/digitalnashik.in/public_html/system/Autoloader/Autoloader.php(219): CodeIgniter\Autoloader\Autoloader->loadInNamespace()
#14 /home/u722665195/domains/digitalnashik.in/public_html/app/Config/Routes.php(7): CodeIgniter\Autoloader\Autoloader->loadClass()
#15 /home/u722665195/domains/digitalnashik.in/public_html/system/CodeIgniter.php(712): require('/home/u72266519...')
#16 /home/u722665195/domains/digitalnashik.in/public_html/system/CodeIgniter.php(367): CodeIgniter\CodeIgniter->tryToRouteIt()
#17 /home/u722665195/domains/digitalnashik.in/public_html/system/CodeIgniter.php(325): CodeIgniter\CodeIgniter->handleRequest()
#18 /home/u722665195/domains/digitalnashik.in/public_html/index.php(47): CodeIgniter\CodeIgniter->run()
#19 {main}
